<?xml version="1.0" encoding="UTF-8"?>
<!-- Generated by org.testng.reporters.JUnitReportReporter -->
<testsuite skipped="0" hostname="DESKTOP-J7V6JHG" name="com.cjc.mevan1.Demo_Register_3" tests="1" failures="0" timestamp="09 Dec 2020 10:44:58 GMT" time="1.845" errors="0">
  <testcase name="m1" time="1.845" classname="com.cjc.mevan1.Demo_Register_3"/>
</testsuite> <!-- com.cjc.mevan1.Demo_Register_3 -->
