<?xml version="1.0" encoding="UTF-8"?>
<!-- Generated by org.testng.reporters.JUnitReportReporter -->
<testsuite skipped="0" hostname="DESKTOP-J7V6JHG" name="com.cjc.mevan1.POM_Demo" tests="3" failures="0" timestamp="16 Dec 2020 05:02:11 GMT" time="25.050" errors="0">
  <testcase name="registration" time="8.315" classname="com.cjc.mevan1.POM_Demo"/>
  <testcase name="loginCheck" time="7.689" classname="com.cjc.mevan1.POM_Demo"/>
  <testcase name="flightRegistration" time="9.046" classname="com.cjc.mevan1.POM_Demo"/>
</testsuite> <!-- com.cjc.mevan1.POM_Demo -->
